<?xml version="1.0" encoding="UTF-8"?>
<testng-results skipped="0" failed="1" ignored="2" total="11" passed="8">
  <reporter-output>
  </reporter-output>
  <suite name="Suite" duration-ms="34705" started-at="2022-04-15T23:20:37 IST" finished-at="2022-04-15T23:21:12 IST">
    <groups>
    </groups>
    <test name="Test" duration-ms="34705" started-at="2022-04-15T23:20:37 IST" finished-at="2022-04-15T23:21:12 IST">
      <class name="com.orangeHRM.TestClass.OrangeHRMTest">
        <test-method status="PASS" signature="HRMpageOpen()[pri:0, instance:com.orangeHRM.TestClass.OrangeHRMTest@5c072e3f]" name="HRMpageOpen" is-config="true" duration-ms="156" started-at="2022-04-15T23:20:54 IST" finished-at="2022-04-15T23:20:54 IST">
          <reporter-output>
          </reporter-output>
        </test-method> <!-- HRMpageOpen -->
        <test-method status="PASS" signature="clickablContactSale()[pri:1, instance:com.orangeHRM.TestClass.OrangeHRMTest@5c072e3f]" name="clickablContactSale" duration-ms="9483" started-at="2022-04-15T23:20:54 IST" finished-at="2022-04-15T23:21:04 IST">
          <reporter-output>
          </reporter-output>
        </test-method> <!-- clickablContactSale -->
        <test-method status="PASS" signature="contactSaleInfo()[pri:2, instance:com.orangeHRM.TestClass.OrangeHRMTest@5c072e3f]" name="contactSaleInfo" duration-ms="7242" started-at="2022-04-15T23:21:04 IST" finished-at="2022-04-15T23:21:11 IST">
          <reporter-output>
          </reporter-output>
        </test-method> <!-- contactSaleInfo -->
      </class> <!-- com.orangeHRM.TestClass.OrangeHRMTest -->
      <class name="com.orangeHRM.TestClass.loginTest">
        <test-method status="PASS" signature="setMethod()[pri:0, instance:com.orangeHRM.TestClass.loginTest@eb21112]" name="setMethod" is-config="true" duration-ms="10201" started-at="2022-04-15T23:20:37 IST" finished-at="2022-04-15T23:20:48 IST">
          <reporter-output>
          </reporter-output>
        </test-method> <!-- setMethod -->
        <test-method status="PASS" signature="visibleUsertab()[pri:1, instance:com.orangeHRM.TestClass.loginTest@eb21112]" name="visibleUsertab" duration-ms="182" started-at="2022-04-15T23:20:48 IST" finished-at="2022-04-15T23:20:48 IST">
          <reporter-output>
          </reporter-output>
        </test-method> <!-- visibleUsertab -->
        <test-method status="PASS" signature="visiblepasswordtab()[pri:2, instance:com.orangeHRM.TestClass.loginTest@eb21112]" name="visiblepasswordtab" duration-ms="51" started-at="2022-04-15T23:20:48 IST" finished-at="2022-04-15T23:20:48 IST">
          <reporter-output>
          </reporter-output>
        </test-method> <!-- visiblepasswordtab -->
        <test-method status="PASS" signature="visibleLoginTab()[pri:3, instance:com.orangeHRM.TestClass.loginTest@eb21112]" name="visibleLoginTab" duration-ms="48" started-at="2022-04-15T23:20:48 IST" finished-at="2022-04-15T23:20:48 IST">
          <reporter-output>
          </reporter-output>
        </test-method> <!-- visibleLoginTab -->
        <test-method status="PASS" signature="visibleForgotTab()[pri:4, instance:com.orangeHRM.TestClass.loginTest@eb21112]" name="visibleForgotTab" duration-ms="48" started-at="2022-04-15T23:20:48 IST" finished-at="2022-04-15T23:20:48 IST">
          <reporter-output>
          </reporter-output>
        </test-method> <!-- visibleForgotTab -->
        <test-method status="PASS" signature="visibleOrangHRMTab()[pri:5, instance:com.orangeHRM.TestClass.loginTest@eb21112]" name="visibleOrangHRMTab" duration-ms="56" started-at="2022-04-15T23:20:48 IST" finished-at="2022-04-15T23:20:48 IST">
          <reporter-output>
          </reporter-output>
        </test-method> <!-- visibleOrangHRMTab -->
        <test-method status="PASS" signature="forgotpassClickabl()[pri:6, instance:com.orangeHRM.TestClass.loginTest@eb21112]" name="forgotpassClickabl" duration-ms="1092" started-at="2022-04-15T23:20:48 IST" finished-at="2022-04-15T23:20:49 IST">
          <reporter-output>
          </reporter-output>
        </test-method> <!-- forgotpassClickabl -->
        <test-method status="FAIL" signature="logiFunctionality()[pri:7, instance:com.orangeHRM.TestClass.loginTest@eb21112]" name="logiFunctionality" duration-ms="4796" started-at="2022-04-15T23:20:49 IST" finished-at="2022-04-15T23:20:54 IST">
          <exception class="java.lang.AssertionError">
            <message>
              <![CDATA[expected [://opensource-demo.orangehrmlive.com/index.php/dashboard] but found [https://opensource-demo.orangehrmlive.com/index.php/dashboard]]]>
            </message>
            <full-stacktrace>
              <![CDATA[java.lang.AssertionError: expected [://opensource-demo.orangehrmlive.com/index.php/dashboard] but found [https://opensource-demo.orangehrmlive.com/index.php/dashboard]
at org.testng.Assert.fail(Assert.java:99)
at org.testng.Assert.failNotEquals(Assert.java:1037)
at org.testng.Assert.assertEqualsImpl(Assert.java:140)
at org.testng.Assert.assertEquals(Assert.java:122)
at org.testng.Assert.assertEquals(Assert.java:629)
at org.testng.Assert.assertEquals(Assert.java:639)
at com.orangeHRM.TestClass.loginTest.logiFunctionality(loginTest.java:78)
at sun.reflect.NativeMethodAccessorImpl.invoke0(Native Method)
at sun.reflect.NativeMethodAccessorImpl.invoke(Unknown Source)
at sun.reflect.DelegatingMethodAccessorImpl.invoke(Unknown Source)
at java.lang.reflect.Method.invoke(Unknown Source)
at org.testng.internal.MethodInvocationHelper.invokeMethod(MethodInvocationHelper.java:133)
at org.testng.internal.TestInvoker.invokeMethod(TestInvoker.java:598)
at org.testng.internal.TestInvoker.invokeTestMethod(TestInvoker.java:173)
at org.testng.internal.MethodRunner.runInSequence(MethodRunner.java:46)
at org.testng.internal.TestInvoker$MethodInvocationAgent.invoke(TestInvoker.java:824)
at org.testng.internal.TestInvoker.invokeTestMethods(TestInvoker.java:146)
at org.testng.internal.TestMethodWorker.invokeTestMethods(TestMethodWorker.java:146)
at org.testng.internal.TestMethodWorker.run(TestMethodWorker.java:128)
at java.util.ArrayList.forEach(Unknown Source)
at org.testng.TestRunner.privateRun(TestRunner.java:794)
at org.testng.TestRunner.run(TestRunner.java:596)
at org.testng.SuiteRunner.runTest(SuiteRunner.java:377)
at org.testng.SuiteRunner.runSequentially(SuiteRunner.java:371)
at org.testng.SuiteRunner.privateRun(SuiteRunner.java:332)
at org.testng.SuiteRunner.run(SuiteRunner.java:276)
at org.testng.SuiteRunnerWorker.runSuite(SuiteRunnerWorker.java:53)
at org.testng.SuiteRunnerWorker.run(SuiteRunnerWorker.java:96)
at org.testng.TestNG.runSuitesSequentially(TestNG.java:1212)
at org.testng.TestNG.runSuitesLocally(TestNG.java:1134)
at org.testng.TestNG.runSuites(TestNG.java:1063)
at org.testng.TestNG.run(TestNG.java:1031)
at org.testng.remote.AbstractRemoteTestNG.run(AbstractRemoteTestNG.java:115)
at org.testng.remote.RemoteTestNG.initAndRun(RemoteTestNG.java:251)
at org.testng.remote.RemoteTestNG.main(RemoteTestNG.java:77)
]]>
            </full-stacktrace>
          </exception> <!-- java.lang.AssertionError -->
          <reporter-output>
          </reporter-output>
        </test-method> <!-- logiFunctionality -->
        <test-method status="PASS" signature="TearDown()[pri:0, instance:com.orangeHRM.TestClass.loginTest@eb21112]" name="TearDown" is-config="true" duration-ms="1023" started-at="2022-04-15T23:21:11 IST" finished-at="2022-04-15T23:21:12 IST">
          <reporter-output>
          </reporter-output>
        </test-method> <!-- TearDown -->
      </class> <!-- com.orangeHRM.TestClass.loginTest -->
    </test> <!-- Test -->
  </suite> <!-- Suite -->
</testng-results>
